<?xml version="1.0" encoding="UTF-8"?>
<!-- Generated by org.testng.reporters.JUnitReportReporter -->
<testsuite hostname="DESKTOP-1OMGFMI" failures="0" tests="3" name="webtests.TestExecution" time="433.244" errors="0" timestamp="2023-04-27T19:09:49 BDT" skipped="0">
  <testcase classname="webtests.TestExecution" name="testHomePageTitle" time="143.634"/>
  <system-out/>
  <testcase classname="webtests.TestExecution" name="testHomePageUrl" time="107.176"/>
  <system-out/>
  <testcase classname="webtests.TestExecution" name="PurchaseBook" time="182.434"/>
  <system-out/>
</testsuite> <!-- webtests.TestExecution -->
